=== INICIANDO OPERACAO: VALIDATE ===
Arquivo: 4901662_ST_024_BR13_CAMPINAS_042025_1.txt
[LINHA 2] [REGRA 9] Modelo Doc Fiscal: Informe o modelo do documento fiscal (Valor: '')
[LINHA 2] [REGRA 999] Modelo Doc Fiscal: Campo obrigatorio nao preenchido: Modelo Doc Fiscal (Valor: '')
[LINHA 2] [REGRA 999] Tipo Logradouro: Campo obrigatorio nao preenchido: Tipo Logradouro (Valor: '')
[LINHA 2] [REGRA 999] Pais: Campo obrigatorio nao preenchido: Pais (Valor: '')
[LINHA 3] [REGRA 9] Modelo Doc Fiscal: Informe o modelo do documento fiscal (Valor: '')
[LINHA 3] [REGRA 999] Modelo Doc Fiscal: Campo obrigatorio nao preenchido: Modelo Doc Fiscal (Valor: '')
[LINHA 3] [REGRA 999] Tipo Logradouro: Campo obrigatorio nao preenchido: Tipo Logradouro (Valor: '')
[LINHA 3] [REGRA 999] Pais: Campo obrigatorio nao preenchido: Pais (Valor: '')
[LINHA 4] [REGRA 9] Modelo Doc Fiscal: Informe o modelo do documento fiscal (Valor: '')
[LINHA 4] [REGRA 999] Modelo Doc Fiscal: Campo obrigatorio nao preenchido: Modelo Doc Fiscal (Valor: '')
[LINHA 4] [REGRA 999] Tipo Logradouro: Campo obrigatorio nao preenchido: Tipo Logradouro (Valor: '')
[LINHA 4] [REGRA 999] Pais: Campo obrigatorio nao preenchido: Pais (Valor: '')
[LINHA 5] [REGRA 9] Modelo Doc Fiscal: Informe o modelo do documento fiscal (Valor: '')
[LINHA 5] [REGRA 999] Modelo Doc Fiscal: Campo obrigatorio nao preenchido: Modelo Doc Fiscal (Valor: '')
[LINHA 5] [REGRA 999] Tipo Logradouro: Campo obrigatorio nao preenchido: Tipo Logradouro (Valor: '')
[LINHA 5] [REGRA 999] Pais: Campo obrigatorio nao preenchido: Pais (Valor: '')
[LINHA 6] [REGRA 9] Modelo Doc Fiscal: Informe o modelo do documento fiscal (Valor: '')
[LINHA 6] [REGRA 999] Modelo Doc Fiscal: Campo obrigatorio nao preenchido: Modelo Doc Fiscal (Valor: '')
[LINHA 6] [REGRA 999] Tipo Logradouro: Campo obrigatorio nao preenchido: Tipo Logradouro (Valor: '')
[LINHA 6] [REGRA 999] Pais: Campo obrigatorio nao preenchido: Pais (Valor: '')
[LINHA 7] [REGRA 9] Modelo Doc Fiscal: Informe o modelo do documento fiscal (Valor: '')
[LINHA 7] [REGRA 999] Modelo Doc Fiscal: Campo obrigatorio nao preenchido: Modelo Doc Fiscal (Valor: '')
[LINHA 7] [REGRA 999] Tipo Logradouro: Campo obrigatorio nao preenchido: Tipo Logradouro (Valor: '')
[LINHA 7] [REGRA 999] Pais: Campo obrigatorio nao preenchido: Pais (Valor: '')
[LINHA 8] [REGRA 9] Modelo Doc Fiscal: Informe o modelo do documento fiscal (Valor: '')
[LINHA 8] [REGRA 999] Modelo Doc Fiscal: Campo obrigatorio nao preenchido: Modelo Doc Fiscal (Valor: '')
[LINHA 8] [REGRA 999] Tipo Logradouro: Campo obrigatorio nao preenchido: Tipo Logradouro (Valor: '')
[LINHA 8] [REGRA 999] Pais: Campo obrigatorio nao preenchido: Pais (Valor: '')
[LINHA 9] [REGRA 9] Modelo Doc Fiscal: Informe o modelo do documento fiscal (Valor: '')
[LINHA 9] [REGRA 999] Modelo Doc Fiscal: Campo obrigatorio nao preenchido: Modelo Doc Fiscal (Valor: '')
[LINHA 9] [REGRA 999] Tipo Logradouro: Campo obrigatorio nao preenchido: Tipo Logradouro (Valor: '')
[LINHA 9] [REGRA 999] Pais: Campo obrigatorio nao preenchido: Pais (Valor: '')

[!] Validação concluída. Operação registrou erros verificados conforme o manual.
